2025-10-12 23:45:47.088 [com.alibaba.nacos.naming.beat.sender] WARN  com.alibaba.nacos.client.naming - failed to request http://127.0.0.1:8848/nacos/v1/ns/instance/beat?beat=%7B%22cluster%22%3A%22DEFAULT%22%2C%22ip%22%3A%22172.17.144.1%22%2C%22metadata%22%3A%7B%22preserved.register.source%22%3A%22SPRING_CLOUD%22%7D%2C%22period%22%3A5000%2C%22port%22%3A8089%2C%22scheduled%22%3Afalse%2C%22serviceName%22%3A%22DEFAULT_GROUP%40%40match-service%22%2C%22stopped%22%3Afalse%2C%22weight%22%3A1.0%7D&app=match-service&serviceName=DEFAULT_GROUP%40%40match-service&encoding=UTF-8&namespaceId=public from 127.0.0.1
2025-10-12 23:45:47.089 [com.alibaba.nacos.naming.beat.sender] ERROR com.alibaba.nacos.client.naming - [NA] failed to request 
java.net.ConnectException: Connection refused: connect
	at java.net.DualStackPlainSocketImpl.waitForConnect(Native Method) ~[na:1.8.0_452]
	at java.net.DualStackPlainSocketImpl.socketConnect(DualStackPlainSocketImpl.java:85) ~[na:1.8.0_452]
	at java.net.AbstractPlainSocketImpl.doConnect(AbstractPlainSocketImpl.java:350) ~[na:1.8.0_452]
	at java.net.AbstractPlainSocketImpl.connectToAddress(AbstractPlainSocketImpl.java:206) ~[na:1.8.0_452]
	at java.net.AbstractPlainSocketImpl.connect(AbstractPlainSocketImpl.java:188) ~[na:1.8.0_452]
	at java.net.PlainSocketImpl.connect(PlainSocketImpl.java:172) ~[na:1.8.0_452]
	at java.net.SocksSocketImpl.connect(SocksSocketImpl.java:392) ~[na:1.8.0_452]
	at java.net.Socket.connect(Socket.java:607) ~[na:1.8.0_452]
	at sun.net.NetworkClient.doConnect(NetworkClient.java:175) ~[na:1.8.0_452]
	at sun.net.www.http.HttpClient.openServer(HttpClient.java:465) ~[na:1.8.0_452]
	at sun.net.www.http.HttpClient.openServer(HttpClient.java:560) ~[na:1.8.0_452]
	at sun.net.www.http.HttpClient.<init>(HttpClient.java:244) ~[na:1.8.0_452]
	at sun.net.www.http.HttpClient.New(HttpClient.java:341) ~[na:1.8.0_452]
	at sun.net.www.http.HttpClient.New(HttpClient.java:359) ~[na:1.8.0_452]
	at sun.net.www.protocol.http.HttpURLConnection.getNewHttpClient(HttpURLConnection.java:1243) ~[na:1.8.0_452]
	at sun.net.www.protocol.http.HttpURLConnection.plainConnect0(HttpURLConnection.java:1177) ~[na:1.8.0_452]
	at sun.net.www.protocol.http.HttpURLConnection.plainConnect(HttpURLConnection.java:1071) ~[na:1.8.0_452]
	at sun.net.www.protocol.http.HttpURLConnection.connect(HttpURLConnection.java:1005) ~[na:1.8.0_452]
	at sun.net.www.protocol.http.HttpURLConnection.getOutputStream0(HttpURLConnection.java:1357) ~[na:1.8.0_452]
	at sun.net.www.protocol.http.HttpURLConnection.getOutputStream(HttpURLConnection.java:1332) ~[na:1.8.0_452]
	at com.alibaba.nacos.client.naming.net.HttpClient.request(HttpClient.java:85) ~[nacos-client-1.1.4.jar:na]
	at com.alibaba.nacos.client.naming.net.NamingProxy.callServer(NamingProxy.java:413) [nacos-client-1.1.4.jar:na]
	at com.alibaba.nacos.client.naming.net.NamingProxy.reqAPI(NamingProxy.java:454) [nacos-client-1.1.4.jar:na]
	at com.alibaba.nacos.client.naming.net.NamingProxy.reqAPI(NamingProxy.java:389) [nacos-client-1.1.4.jar:na]
	at com.alibaba.nacos.client.naming.net.NamingProxy.sendBeat(NamingProxy.java:312) [nacos-client-1.1.4.jar:na]
	at com.alibaba.nacos.client.naming.beat.BeatReactor$BeatTask.run(BeatReactor.java:98) [nacos-client-1.1.4.jar:na]
	at java.util.concurrent.Executors$RunnableAdapter.call(Executors.java:511) [na:1.8.0_452]
	at java.util.concurrent.FutureTask.run$$$capture(FutureTask.java:266) [na:1.8.0_452]
	at java.util.concurrent.FutureTask.run(FutureTask.java) [na:1.8.0_452]
	at java.util.concurrent.ScheduledThreadPoolExecutor$ScheduledFutureTask.access$201(ScheduledThreadPoolExecutor.java:180) [na:1.8.0_452]
	at java.util.concurrent.ScheduledThreadPoolExecutor$ScheduledFutureTask.run(ScheduledThreadPoolExecutor.java:293) [na:1.8.0_452]
	at java.util.concurrent.ThreadPoolExecutor.runWorker(ThreadPoolExecutor.java:1149) [na:1.8.0_452]
	at java.util.concurrent.ThreadPoolExecutor$Worker.run(ThreadPoolExecutor.java:624) [na:1.8.0_452]
	at java.lang.Thread.run(Thread.java:750) [na:1.8.0_452]
2025-10-12 23:45:47.091 [com.alibaba.nacos.naming.beat.sender] ERROR com.alibaba.nacos.client.naming - request 127.0.0.1:8848 failed.
com.alibaba.nacos.api.exception.NacosException: failed to req API:127.0.0.1:8848/nacos/v1/ns/instance/beat. code:500 msg: java.net.ConnectException: Connection refused: connect
	at com.alibaba.nacos.client.naming.net.NamingProxy.callServer(NamingProxy.java:427) [nacos-client-1.1.4.jar:na]
	at com.alibaba.nacos.client.naming.net.NamingProxy.reqAPI(NamingProxy.java:454) [nacos-client-1.1.4.jar:na]
	at com.alibaba.nacos.client.naming.net.NamingProxy.reqAPI(NamingProxy.java:389) [nacos-client-1.1.4.jar:na]
	at com.alibaba.nacos.client.naming.net.NamingProxy.sendBeat(NamingProxy.java:312) [nacos-client-1.1.4.jar:na]
	at com.alibaba.nacos.client.naming.beat.BeatReactor$BeatTask.run(BeatReactor.java:98) [nacos-client-1.1.4.jar:na]
	at java.util.concurrent.Executors$RunnableAdapter.call(Executors.java:511) [na:1.8.0_452]
	at java.util.concurrent.FutureTask.run$$$capture(FutureTask.java:266) [na:1.8.0_452]
	at java.util.concurrent.FutureTask.run(FutureTask.java) [na:1.8.0_452]
	at java.util.concurrent.ScheduledThreadPoolExecutor$ScheduledFutureTask.access$201(ScheduledThreadPoolExecutor.java:180) [na:1.8.0_452]
	at java.util.concurrent.ScheduledThreadPoolExecutor$ScheduledFutureTask.run(ScheduledThreadPoolExecutor.java:293) [na:1.8.0_452]
	at java.util.concurrent.ThreadPoolExecutor.runWorker(ThreadPoolExecutor.java:1149) [na:1.8.0_452]
	at java.util.concurrent.ThreadPoolExecutor$Worker.run(ThreadPoolExecutor.java:624) [na:1.8.0_452]
	at java.lang.Thread.run(Thread.java:750) [na:1.8.0_452]
2025-10-12 23:45:47.091 [com.alibaba.nacos.naming.beat.sender] ERROR com.alibaba.nacos.client.naming - [CLIENT-BEAT] failed to send beat: {"cluster":"DEFAULT","ip":"172.17.144.1","metadata":{"preserved.register.source":"SPRING_CLOUD"},"period":5000,"port":8089,"scheduled":false,"serviceName":"DEFAULT_GROUP@@match-service","stopped":false,"weight":1.0}
java.lang.IllegalStateException: failed to req API:/nacos/v1/ns/instance/beat after all servers([127.0.0.1:8848]) tried: failed to req API:127.0.0.1:8848/nacos/v1/ns/instance/beat. code:500 msg: java.net.ConnectException: Connection refused: connect
	at com.alibaba.nacos.client.naming.net.NamingProxy.reqAPI(NamingProxy.java:467) ~[nacos-client-1.1.4.jar:na]
	at com.alibaba.nacos.client.naming.net.NamingProxy.reqAPI(NamingProxy.java:389) ~[nacos-client-1.1.4.jar:na]
	at com.alibaba.nacos.client.naming.net.NamingProxy.sendBeat(NamingProxy.java:312) ~[nacos-client-1.1.4.jar:na]
	at com.alibaba.nacos.client.naming.beat.BeatReactor$BeatTask.run(BeatReactor.java:98) [nacos-client-1.1.4.jar:na]
	at java.util.concurrent.Executors$RunnableAdapter.call(Executors.java:511) [na:1.8.0_452]
	at java.util.concurrent.FutureTask.run$$$capture(FutureTask.java:266) [na:1.8.0_452]
	at java.util.concurrent.FutureTask.run(FutureTask.java) [na:1.8.0_452]
	at java.util.concurrent.ScheduledThreadPoolExecutor$ScheduledFutureTask.access$201(ScheduledThreadPoolExecutor.java:180) [na:1.8.0_452]
	at java.util.concurrent.ScheduledThreadPoolExecutor$ScheduledFutureTask.run(ScheduledThreadPoolExecutor.java:293) [na:1.8.0_452]
	at java.util.concurrent.ThreadPoolExecutor.runWorker(ThreadPoolExecutor.java:1149) [na:1.8.0_452]
	at java.util.concurrent.ThreadPoolExecutor$Worker.run(ThreadPoolExecutor.java:624) [na:1.8.0_452]
	at java.lang.Thread.run(Thread.java:750) [na:1.8.0_452]
